# JRE version: OpenJDK Runtime Environment Temurin-17.0.11+9 (17.0.11+9) (build 17.0.11+9)
# Java VM: OpenJDK 64-Bit Server VM Temurin-17.0.11+9 (17.0.11+9, mixed mode, emulated-client, tiered, compressed oops, compressed class ptrs, g1 gc, windows-amd64)
GC Precious Log:
 CPUs: 8 total, 8 available
 Memory: 8034M
 Large Page Support: Disabled
 NUMA Support: Disabled
 Compressed Oops: Enabled (32-bit)
 Heap Region Size: 1M
 Heap Min Capacity: 8M
 Heap Initial Capacity: 126M
 Heap Max Capacity: 1G
 Pre-touch: Disabled
 Parallel Workers: 8
 Concurrent Workers: 2
 Concurrent Refinement Workers: 8
 Periodic GC: Disabled
Heap:
 garbage-first heap   total 91136K, used 39731K [0x00000000c0000000, 0x0000000100000000)
  region size 1024K, 1 young (1024K), 0 survivors (0K)
 Metaspace       used 63318K, committed 63808K, reserved 1114112K
  class space    used 7793K, committed 8000K, reserved 1048576K
GC Heap History (20 events):
Event: 9113.796 GC heap before
{Heap before GC invocations=423 (full 335):
 garbage-first heap   total 91136K, used 39731K [0x00000000c0000000, 0x0000000100000000)
  region size 1024K, 1 young (1024K), 0 survivors (0K)
 Metaspace       used 63318K, committed 63808K, reserved 1114112K
  class space    used 7793K, committed 8000K, reserved 1048576K
}
Event: 9113.875 GC heap after
{Heap after GC invocations=424 (full 336):
 garbage-first heap   total 91136K, used 39731K [0x00000000c0000000, 0x0000000100000000)
  region size 1024K, 0 young (0K), 0 survivors (0K)
 Metaspace       used 63318K, committed 63808K, reserved 1114112K
  class space    used 7793K, committed 8000K, reserved 1048576K
}
Event: 9124.068 GC heap before
{Heap before GC invocations=424 (full 336):
 garbage-first heap   total 91136K, used 39731K [0x00000000c0000000, 0x0000000100000000)
  region size 1024K, 1 young (1024K), 0 survivors (0K)
 Metaspace       used 63318K, committed 63808K, reserved 1114112K
  class space    used 7793K, committed 8000K, reserved 1048576K
}
Event: 9124.124 GC heap after
{Heap after GC invocations=425 (full 337):
 garbage-first heap   total 91136K, used 39731K [0x00000000c0000000, 0x0000000100000000)
  region size 1024K, 0 young (0K), 0 survivors (0K)
 Metaspace       used 63318K, committed 63808K, reserved 1114112K
  class space    used 7793K, committed 8000K, reserved 1048576K
}
Event: 9134.314 GC heap before
{Heap before GC invocations=425 (full 337):
 garbage-first heap   total 91136K, used 39731K [0x00000000c0000000, 0x0000000100000000)
  region size 1024K, 1 young (1024K), 0 survivors (0K)
 Metaspace       used 63318K, committed 63808K, reserved 1114112K
  class space    used 7793K, committed 8000K, reserved 1048576K
}
Event: 9134.388 GC heap after
{Heap after GC invocations=426 (full 338):
 garbage-first heap   total 91136K, used 39731K [0x00000000c0000000, 0x0000000100000000)
  region size 1024K, 0 young (0K), 0 survivors (0K)
 Metaspace       used 63318K, committed 63808K, reserved 1114112K
  class space    used 7793K, committed 8000K, reserved 1048576K
}
Event: 9144.552 GC heap before
{Heap before GC invocations=426 (full 338):
 garbage-first heap   total 91136K, used 39731K [0x00000000c0000000, 0x0000000100000000)
  region size 1024K, 1 young (1024K), 0 survivors (0K)
 Metaspace       used 63318K, committed 63808K, reserved 1114112K
  class space    used 7793K, committed 8000K, reserved 1048576K
}
Event: 9144.609 GC heap after
{Heap after GC invocations=427 (full 339):
 garbage-first heap   total 91136K, used 39731K [0x00000000c0000000, 0x0000000100000000)
  region size 1024K, 0 young (0K), 0 survivors (0K)
 Metaspace       used 63318K, committed 63808K, reserved 1114112K
  class space    used 7793K, committed 8000K, reserved 1048576K
}
Event: 9154.801 GC heap before
{Heap before GC invocations=427 (full 339):
 garbage-first heap   total 91136K, used 39731K [0x00000000c0000000, 0x0000000100000000)
  region size 1024K, 1 young (1024K), 0 survivors (0K)
 Metaspace       used 63318K, committed 63808K, reserved 1114112K
  class space    used 7793K, committed 8000K, reserved 1048576K
}
Event: 9154.892 GC heap after
{Heap after GC invocations=428 (full 340):
 garbage-first heap   total 91136K, used 39731K [0x00000000c0000000, 0x0000000100000000)
  region size 1024K, 0 young (0K), 0 survivors (0K)
 Metaspace       used 63318K, committed 63808K, reserved 1114112K
  class space    used 7793K, committed 8000K, reserved 1048576K
}
Event: 9165.105 GC heap before
{Heap before GC invocations=428 (full 340):
 garbage-first heap   total 91136K, used 39731K [0x00000000c0000000, 0x0000000100000000)
  region size 1024K, 1 young (1024K), 0 survivors (0K)
 Metaspace       used 63318K, committed 63808K, reserved 1114112K
  class space    used 7793K, committed 8000K, reserved 1048576K
}
Event: 9165.180 GC heap after
{Heap after GC invocations=429 (full 341):
 garbage-first heap   total 91136K, used 39731K [0x00000000c0000000, 0x0000000100000000)
  region size 1024K, 0 young (0K), 0 survivors (0K)
 Metaspace       used 63318K, committed 63808K, reserved 1114112K
  class space    used 7793K, committed 8000K, reserved 1048576K
}
Event: 9175.373 GC heap before
{Heap before GC invocations=429 (full 341):
 garbage-first heap   total 91136K, used 39731K [0x00000000c0000000, 0x0000000100000000)
  region size 1024K, 1 young (1024K), 0 survivors (0K)
 Metaspace       used 63318K, committed 63808K, reserved 1114112K
  class space    used 7793K, committed 8000K, reserved 1048576K
}
Event: 9175.462 GC heap after
{Heap after GC invocations=430 (full 342):
 garbage-first heap   total 91136K, used 39731K [0x00000000c0000000, 0x0000000100000000)
  region size 1024K, 0 young (0K), 0 survivors (0K)
 Metaspace       used 63318K, committed 63808K, reserved 1114112K
  class space    used 7793K, committed 8000K, reserved 1048576K
}
Event: 9185.638 GC heap before
{Heap before GC invocations=430 (full 342):
 garbage-first heap   total 91136K, used 39731K [0x00000000c0000000, 0x0000000100000000)
  region size 1024K, 1 young (1024K), 0 survivors (0K)
 Metaspace       used 63318K, committed 63808K, reserved 1114112K
  class space    used 7793K, committed 8000K, reserved 1048576K
}
Event: 9185.696 GC heap after
{Heap after GC invocations=431 (full 343):
 garbage-first heap   total 91136K, used 39731K [0x00000000c0000000, 0x0000000100000000)
  region size 1024K, 0 young (0K), 0 survivors (0K)
 Metaspace       used 63318K, committed 63808K, reserved 1114112K
  class space    used 7793K, committed 8000K, reserved 1048576K
}
Event: 9195.893 GC heap before
{Heap before GC invocations=431 (full 343):
 garbage-first heap   total 91136K, used 39731K [0x00000000c0000000, 0x0000000100000000)
  region size 1024K, 1 young (1024K), 0 survivors (0K)
 Metaspace       used 63318K, committed 63808K, reserved 1114112K
  class space    used 7793K, committed 8000K, reserved 1048576K
}
Event: 9195.950 GC heap after
{Heap after GC invocations=432 (full 344):
 garbage-first heap   total 91136K, used 39731K [0x00000000c0000000, 0x0000000100000000)
  region size 1024K, 0 young (0K), 0 survivors (0K)
 Metaspace       used 63318K, committed 63808K, reserved 1114112K
  class space    used 7793K, committed 8000K, reserved 1048576K
}
Event: 9206.141 GC heap before
{Heap before GC invocations=432 (full 344):
 garbage-first heap   total 91136K, used 39731K [0x00000000c0000000, 0x0000000100000000)
  region size 1024K, 1 young (1024K), 0 survivors (0K)
 Metaspace       used 63318K, committed 63808K, reserved 1114112K
  class space    used 7793K, committed 8000K, reserved 1048576K
}
Event: 9206.220 GC heap after
{Heap after GC invocations=433 (full 345):
 garbage-first heap   total 91136K, used 39731K [0x00000000c0000000, 0x0000000100000000)
  region size 1024K, 0 young (0K), 0 survivors (0K)
 Metaspace       used 63318K, committed 63808K, reserved 1114112K
  class space    used 7793K, committed 8000K, reserved 1048576K
}

